# JRE version: OpenJDK Runtime Environment (21.0.7) (build 21.0.7+-13880790-b1038.58)
# Java VM: OpenJDK 64-Bit Server VM (21.0.7+-13880790-b1038.58, mixed mode, tiered, compressed oops, compressed class ptrs, g1 gc, windows-amd64)
GC Precious Log:
 CardTable entry size: 512
 Card Set container configuration: InlinePtr #cards 5 size 8 Array Of Cards #cards 12 size 40 Howl #buckets 4 coarsen threshold 1843 Howl Bitmap #cards 512 size 80 coarsen threshold 460 Card regions per heap region 1 cards per card region 2048
 CPUs: 8 total, 8 available
 Memory: 16190M
 Large Page Support: Disabled
 NUMA Support: Disabled
 Compressed Oops: Enabled (32-bit)
 Heap Region Size: 1M
 Heap Min Capacity: 8M
 Heap Initial Capacity: 254M
 Heap Max Capacity: 2G
 Pre-touch: Disabled
 Parallel Workers: 8
 Concurrent Workers: 2
 Concurrent Refinement Workers: 8
 Periodic GC: Disabled
Heap:
 garbage-first heap   total 130048K, used 95440K [0x0000000080000000, 0x0000000100000000)
  region size 1024K, 5 young (5120K), 2 survivors (2048K)
 Metaspace       used 59307K, committed 60864K, reserved 1114112K
  class space    used 8068K, committed 8832K, reserved 1048576K
GC Heap History (20 events):
Event: 8.735 GC heap before
{Heap before GC invocations=7 (full 0):
 garbage-first heap   total 71680K, used 51706K [0x0000000080000000, 0x0000000100000000)
  region size 1024K, 32 young (32768K), 4 survivors (4096K)
 Metaspace       used 35164K, committed 35968K, reserved 1114112K
  class space    used 4795K, committed 5184K, reserved 1048576K
}
Event: 8.743 GC heap after
{Heap after GC invocations=8 (full 0):
 garbage-first heap   total 71680K, used 26228K [0x0000000080000000, 0x0000000100000000)
  region size 1024K, 5 young (5120K), 5 survivors (5120K)
 Metaspace       used 35164K, committed 35968K, reserved 1114112K
  class space    used 4795K, committed 5184K, reserved 1048576K
}
Event: 9.226 GC heap before
{Heap before GC invocations=9 (full 0):
 garbage-first heap   total 71680K, used 70260K [0x0000000080000000, 0x0000000100000000)
  region size 1024K, 20 young (20480K), 5 survivors (5120K)
 Metaspace       used 36347K, committed 37184K, reserved 1114112K
  class space    used 5006K, committed 5440K, reserved 1048576K
}
Event: 9.232 GC heap after
{Heap after GC invocations=10 (full 0):
 garbage-first heap   total 80896K, used 60106K [0x0000000080000000, 0x0000000100000000)
  region size 1024K, 5 young (5120K), 5 survivors (5120K)
 Metaspace       used 36347K, committed 37184K, reserved 1114112K
  class space    used 5006K, committed 5440K, reserved 1048576K
}
Event: 9.510 GC heap before
{Heap before GC invocations=10 (full 0):
 garbage-first heap   total 80896K, used 70346K [0x0000000080000000, 0x0000000100000000)
  region size 1024K, 15 young (15360K), 5 survivors (5120K)
 Metaspace       used 37836K, committed 38784K, reserved 1114112K
  class space    used 5202K, committed 5632K, reserved 1048576K
}
Event: 9.514 GC heap after
{Heap after GC invocations=11 (full 0):
 garbage-first heap   total 97280K, used 60363K [0x0000000080000000, 0x0000000100000000)
  region size 1024K, 1 young (1024K), 1 survivors (1024K)
 Metaspace       used 37836K, committed 38784K, reserved 1114112K
  class space    used 5202K, committed 5632K, reserved 1048576K
}
Event: 10.344 GC heap before
{Heap before GC invocations=11 (full 0):
 garbage-first heap   total 97280K, used 84939K [0x0000000080000000, 0x0000000100000000)
  region size 1024K, 26 young (26624K), 1 survivors (1024K)
 Metaspace       used 41329K, committed 42304K, reserved 1114112K
  class space    used 5758K, committed 6208K, reserved 1048576K
}
Event: 10.348 GC heap after
{Heap after GC invocations=12 (full 0):
 garbage-first heap   total 97280K, used 62280K [0x0000000080000000, 0x0000000100000000)
  region size 1024K, 3 young (3072K), 3 survivors (3072K)
 Metaspace       used 41329K, committed 42304K, reserved 1114112K
  class space    used 5758K, committed 6208K, reserved 1048576K
}
Event: 11.138 GC heap before
{Heap before GC invocations=13 (full 0):
 garbage-first heap   total 106496K, used 85832K [0x0000000080000000, 0x0000000100000000)
  region size 1024K, 27 young (27648K), 3 survivors (3072K)
 Metaspace       used 46098K, committed 47104K, reserved 1114112K
  class space    used 6223K, committed 6720K, reserved 1048576K
}
Event: 11.145 GC heap after
{Heap after GC invocations=14 (full 0):
 garbage-first heap   total 106496K, used 64984K [0x0000000080000000, 0x0000000100000000)
  region size 1024K, 4 young (4096K), 4 survivors (4096K)
 Metaspace       used 46098K, committed 47104K, reserved 1114112K
  class space    used 6223K, committed 6720K, reserved 1048576K
}
Event: 11.826 GC heap before
{Heap before GC invocations=14 (full 0):
 garbage-first heap   total 106496K, used 99800K [0x0000000080000000, 0x0000000100000000)
  region size 1024K, 34 young (34816K), 4 survivors (4096K)
 Metaspace       used 48706K, committed 49728K, reserved 1114112K
  class space    used 6475K, committed 6976K, reserved 1048576K
}
Event: 11.835 GC heap after
{Heap after GC invocations=15 (full 0):
 garbage-first heap   total 108544K, used 67261K [0x0000000080000000, 0x0000000100000000)
  region size 1024K, 5 young (5120K), 5 survivors (5120K)
 Metaspace       used 48706K, committed 49728K, reserved 1114112K
  class space    used 6475K, committed 6976K, reserved 1048576K
}
Event: 12.507 GC heap before
{Heap before GC invocations=15 (full 0):
 garbage-first heap   total 108544K, used 96957K [0x0000000080000000, 0x0000000100000000)
  region size 1024K, 34 young (34816K), 5 survivors (5120K)
 Metaspace       used 51932K, committed 53248K, reserved 1114112K
  class space    used 7026K, committed 7680K, reserved 1048576K
}
Event: 12.514 GC heap after
{Heap after GC invocations=16 (full 0):
 garbage-first heap   total 108544K, used 69230K [0x0000000080000000, 0x0000000100000000)
  region size 1024K, 2 young (2048K), 2 survivors (2048K)
 Metaspace       used 51932K, committed 53248K, reserved 1114112K
  class space    used 7026K, committed 7680K, reserved 1048576K
}
Event: 13.223 GC heap before
{Heap before GC invocations=17 (full 0):
 garbage-first heap   total 116736K, used 98926K [0x0000000080000000, 0x0000000100000000)
  region size 1024K, 31 young (31744K), 2 survivors (2048K)
 Metaspace       used 55531K, committed 56960K, reserved 1114112K
  class space    used 7631K, committed 8320K, reserved 1048576K
}
Event: 13.229 GC heap after
{Heap after GC invocations=18 (full 0):
 garbage-first heap   total 116736K, used 70582K [0x0000000080000000, 0x0000000100000000)
  region size 1024K, 4 young (4096K), 4 survivors (4096K)
 Metaspace       used 55531K, committed 56960K, reserved 1114112K
  class space    used 7631K, committed 8320K, reserved 1048576K
}
Event: 15.654 GC heap before
{Heap before GC invocations=18 (full 0):
 garbage-first heap   total 122880K, used 120758K [0x0000000080000000, 0x0000000100000000)
  region size 1024K, 38 young (38912K), 4 survivors (4096K)
 Metaspace       used 57974K, committed 59520K, reserved 1114112K
  class space    used 8016K, committed 8768K, reserved 1048576K
}
Event: 15.663 GC heap after
{Heap after GC invocations=19 (full 0):
 garbage-first heap   total 130048K, used 90007K [0x0000000080000000, 0x0000000100000000)
  region size 1024K, 5 young (5120K), 5 survivors (5120K)
 Metaspace       used 57974K, committed 59520K, reserved 1114112K
  class space    used 8016K, committed 8768K, reserved 1048576K
}
Event: 15.717 GC heap before
{Heap before GC invocations=19 (full 0):
 garbage-first heap   total 130048K, used 93079K [0x0000000080000000, 0x0000000100000000)
  region size 1024K, 10 young (10240K), 5 survivors (5120K)
 Metaspace       used 58385K, committed 59968K, reserved 1114112K
  class space    used 8045K, committed 8832K, reserved 1048576K
}
Event: 15.722 GC heap after
{Heap after GC invocations=20 (full 0):
 garbage-first heap   total 130048K, used 91344K [0x0000000080000000, 0x0000000100000000)
  region size 1024K, 2 young (2048K), 2 survivors (2048K)
 Metaspace       used 58385K, committed 59968K, reserved 1114112K
  class space    used 8045K, committed 8832K, reserved 1048576K
}

