# JRE version: OpenJDK Runtime Environment (21.0.7) (build 21.0.7+-13880790-b1038.58)
# Java VM: OpenJDK 64-Bit Server VM (21.0.7+-13880790-b1038.58, mixed mode, tiered, compressed oops, compressed class ptrs, g1 gc, windows-amd64)
GC Precious Log:
 CardTable entry size: 512
 Card Set container configuration: InlinePtr #cards 5 size 8 Array Of Cards #cards 12 size 40 Howl #buckets 4 coarsen threshold 1843 Howl Bitmap #cards 512 size 80 coarsen threshold 460 Card regions per heap region 1 cards per card region 2048
 CPUs: 8 total, 8 available
 Memory: 16190M
 Large Page Support: Disabled
 NUMA Support: Disabled
 Compressed Oops: Enabled (32-bit)
 Heap Region Size: 1M
 Heap Min Capacity: 8M
 Heap Initial Capacity: 254M
 Heap Max Capacity: 2G
 Pre-touch: Disabled
 Parallel Workers: 8
 Concurrent Workers: 2
 Concurrent Refinement Workers: 8
 Periodic GC: Disabled
Heap:
 garbage-first heap   total 316416K, used 235449K [0x0000000080000000, 0x0000000100000000)
  region size 1024K, 119 young (121856K), 7 survivors (7168K)
 Metaspace       used 68583K, committed 70144K, reserved 1114112K
  class space    used 9314K, committed 10048K, reserved 1048576K
GC Heap History (20 events):
Event: 23.056 GC heap before
{Heap before GC invocations=46 (full 0):
 garbage-first heap   total 316416K, used 163003K [0x0000000080000000, 0x0000000100000000)
  region size 1024K, 58 young (59392K), 8 survivors (8192K)
 Metaspace       used 59976K, committed 61504K, reserved 1114112K
  class space    used 8265K, committed 9024K, reserved 1048576K
}
Event: 23.059 GC heap after
{Heap after GC invocations=47 (full 0):
 garbage-first heap   total 316416K, used 99047K [0x0000000080000000, 0x0000000100000000)
  region size 1024K, 2 young (2048K), 2 survivors (2048K)
 Metaspace       used 59976K, committed 61504K, reserved 1114112K
  class space    used 8265K, committed 9024K, reserved 1048576K
}
Event: 26.737 GC heap before
{Heap before GC invocations=48 (full 0):
 garbage-first heap   total 316416K, used 301799K [0x0000000080000000, 0x0000000100000000)
  region size 1024K, 185 young (189440K), 2 survivors (2048K)
 Metaspace       used 67977K, committed 69568K, reserved 1114112K
  class space    used 9240K, committed 9984K, reserved 1048576K
}
Event: 26.750 GC heap after
{Heap after GC invocations=49 (full 0):
 garbage-first heap   total 316416K, used 120179K [0x0000000080000000, 0x0000000100000000)
  region size 1024K, 9 young (9216K), 9 survivors (9216K)
 Metaspace       used 67977K, committed 69568K, reserved 1114112K
  class space    used 9240K, committed 9984K, reserved 1048576K
}
Event: 28.323 GC heap before
{Heap before GC invocations=49 (full 0):
 garbage-first heap   total 316416K, used 289139K [0x0000000080000000, 0x0000000100000000)
  region size 1024K, 174 young (178176K), 9 survivors (9216K)
 Metaspace       used 68568K, committed 70144K, reserved 1114112K
  class space    used 9316K, committed 10048K, reserved 1048576K
}
Event: 28.339 GC heap after
{Heap after GC invocations=50 (full 0):
 garbage-first heap   total 316416K, used 119238K [0x0000000080000000, 0x0000000100000000)
  region size 1024K, 11 young (11264K), 11 survivors (11264K)
 Metaspace       used 68568K, committed 70144K, reserved 1114112K
  class space    used 9316K, committed 10048K, reserved 1048576K
}
Event: 29.535 GC heap before
{Heap before GC invocations=50 (full 0):
 garbage-first heap   total 316416K, used 287174K [0x0000000080000000, 0x0000000100000000)
  region size 1024K, 175 young (179200K), 11 survivors (11264K)
 Metaspace       used 68578K, committed 70144K, reserved 1114112K
  class space    used 9316K, committed 10048K, reserved 1048576K
}
Event: 29.549 GC heap after
{Heap after GC invocations=51 (full 0):
 garbage-first heap   total 316416K, used 120049K [0x0000000080000000, 0x0000000100000000)
  region size 1024K, 11 young (11264K), 11 survivors (11264K)
 Metaspace       used 68578K, committed 70144K, reserved 1114112K
  class space    used 9316K, committed 10048K, reserved 1048576K
}
Event: 30.689 GC heap before
{Heap before GC invocations=52 (full 0):
 garbage-first heap   total 316416K, used 287985K [0x0000000080000000, 0x0000000100000000)
  region size 1024K, 175 young (179200K), 11 survivors (11264K)
 Metaspace       used 68578K, committed 70144K, reserved 1114112K
  class space    used 9316K, committed 10048K, reserved 1048576K
}
Event: 30.702 GC heap after
{Heap after GC invocations=53 (full 0):
 garbage-first heap   total 316416K, used 120992K [0x0000000080000000, 0x0000000100000000)
  region size 1024K, 12 young (12288K), 12 survivors (12288K)
 Metaspace       used 68578K, committed 70144K, reserved 1114112K
  class space    used 9316K, committed 10048K, reserved 1048576K
}
Event: 31.529 GC heap before
{Heap before GC invocations=53 (full 0):
 garbage-first heap   total 316416K, used 286880K [0x0000000080000000, 0x0000000100000000)
  region size 1024K, 174 young (178176K), 12 survivors (12288K)
 Metaspace       used 68578K, committed 70144K, reserved 1114112K
  class space    used 9316K, committed 10048K, reserved 1048576K
}
Event: 31.547 GC heap after
{Heap after GC invocations=54 (full 0):
 garbage-first heap   total 316416K, used 119693K [0x0000000080000000, 0x0000000100000000)
  region size 1024K, 12 young (12288K), 12 survivors (12288K)
 Metaspace       used 68578K, committed 70144K, reserved 1114112K
  class space    used 9316K, committed 10048K, reserved 1048576K
}
Event: 31.723 GC heap before
{Heap before GC invocations=54 (full 0):
 garbage-first heap   total 316416K, used 142221K [0x0000000080000000, 0x0000000100000000)
  region size 1024K, 35 young (35840K), 12 survivors (12288K)
 Metaspace       used 68600K, committed 70144K, reserved 1114112K
  class space    used 9324K, committed 10048K, reserved 1048576K
}
Event: 31.736 GC heap after
{Heap after GC invocations=55 (full 0):
 garbage-first heap   total 316416K, used 120079K [0x0000000080000000, 0x0000000100000000)
  region size 1024K, 12 young (12288K), 12 survivors (12288K)
 Metaspace       used 68600K, committed 70144K, reserved 1114112K
  class space    used 9324K, committed 10048K, reserved 1048576K
}
Event: 33.006 GC heap before
{Heap before GC invocations=56 (full 0):
 garbage-first heap   total 316416K, used 292111K [0x0000000080000000, 0x0000000100000000)
  region size 1024K, 175 young (179200K), 12 survivors (12288K)
 Metaspace       used 68607K, committed 70144K, reserved 1114112K
  class space    used 9324K, committed 10048K, reserved 1048576K
}
Event: 33.022 GC heap after
{Heap after GC invocations=57 (full 0):
 garbage-first heap   total 316416K, used 121346K [0x0000000080000000, 0x0000000100000000)
  region size 1024K, 13 young (13312K), 13 survivors (13312K)
 Metaspace       used 68607K, committed 70144K, reserved 1114112K
  class space    used 9324K, committed 10048K, reserved 1048576K
}
Event: 33.829 GC heap before
{Heap before GC invocations=57 (full 0):
 garbage-first heap   total 316416K, used 286210K [0x0000000080000000, 0x0000000100000000)
  region size 1024K, 174 young (178176K), 13 survivors (13312K)
 Metaspace       used 68617K, committed 70144K, reserved 1114112K
  class space    used 9324K, committed 10048K, reserved 1048576K
}
Event: 33.849 GC heap after
{Heap after GC invocations=58 (full 0):
 garbage-first heap   total 316416K, used 121898K [0x0000000080000000, 0x0000000100000000)
  region size 1024K, 7 young (7168K), 7 survivors (7168K)
 Metaspace       used 68617K, committed 70144K, reserved 1114112K
  class space    used 9324K, committed 10048K, reserved 1048576K
}
Event: 34.465 GC heap before
{Heap before GC invocations=58 (full 0):
 garbage-first heap   total 316416K, used 291882K [0x0000000080000000, 0x0000000100000000)
  region size 1024K, 173 young (177152K), 7 survivors (7168K)
 Metaspace       used 68625K, committed 70144K, reserved 1114112K
  class space    used 9324K, committed 10048K, reserved 1048576K
}
Event: 34.472 GC heap after
{Heap after GC invocations=59 (full 0):
 garbage-first heap   total 316416K, used 121785K [0x0000000080000000, 0x0000000100000000)
  region size 1024K, 7 young (7168K), 7 survivors (7168K)
 Metaspace       used 68625K, committed 70144K, reserved 1114112K
  class space    used 9324K, committed 10048K, reserved 1048576K
}

