# JRE version: OpenJDK Runtime Environment (21.0.7) (build 21.0.7+-13880790-b1038.58)
# Java VM: OpenJDK 64-Bit Server VM (21.0.7+-13880790-b1038.58, mixed mode, tiered, compressed oops, compressed class ptrs, g1 gc, windows-amd64)
GC Precious Log:
 CardTable entry size: 512
 Card Set container configuration: InlinePtr #cards 5 size 8 Array Of Cards #cards 12 size 40 Howl #buckets 4 coarsen threshold 1843 Howl Bitmap #cards 512 size 80 coarsen threshold 460 Card regions per heap region 1 cards per card region 2048
 CPUs: 8 total, 8 available
 Memory: 16190M
 Large Page Support: Disabled
 NUMA Support: Disabled
 Compressed Oops: Enabled (32-bit)
 Heap Region Size: 1M
 Heap Min Capacity: 8M
 Heap Initial Capacity: 254M
 Heap Max Capacity: 2G
 Pre-touch: Disabled
 Parallel Workers: 8
 Concurrent Workers: 2
 Concurrent Refinement Workers: 8
 Periodic GC: Disabled
Heap:
 garbage-first heap   total 452608K, used 181390K [0x0000000080000000, 0x0000000100000000)
  region size 1024K, 45 young (46080K), 7 survivors (7168K)
 Metaspace       used 104129K, committed 106176K, reserved 1179648K
  class space    used 13985K, committed 14976K, reserved 1048576K
GC Heap History (20 events):
Event: 30.847 GC heap before
{Heap before GC invocations=69 (full 0):
 garbage-first heap   total 384000K, used 330128K [0x0000000080000000, 0x0000000100000000)
  region size 1024K, 225 young (230400K), 17 survivors (17408K)
 Metaspace       used 61242K, committed 62848K, reserved 1114112K
  class space    used 8305K, committed 9088K, reserved 1048576K
}
Event: 30.860 GC heap after
{Heap after GC invocations=70 (full 0):
 garbage-first heap   total 384000K, used 118107K [0x0000000080000000, 0x0000000100000000)
  region size 1024K, 17 young (17408K), 17 survivors (17408K)
 Metaspace       used 61242K, committed 62848K, reserved 1114112K
  class space    used 8305K, committed 9088K, reserved 1048576K
}
Event: 31.257 GC heap before
{Heap before GC invocations=70 (full 0):
 garbage-first heap   total 384000K, used 332123K [0x0000000080000000, 0x0000000100000000)
  region size 1024K, 225 young (230400K), 17 survivors (17408K)
 Metaspace       used 61249K, committed 62848K, reserved 1114112K
  class space    used 8305K, committed 9088K, reserved 1048576K
}
Event: 31.270 GC heap after
{Heap after GC invocations=71 (full 0):
 garbage-first heap   total 384000K, used 120478K [0x0000000080000000, 0x0000000100000000)
  region size 1024K, 17 young (17408K), 17 survivors (17408K)
 Metaspace       used 61249K, committed 62848K, reserved 1114112K
  class space    used 8305K, committed 9088K, reserved 1048576K
}
Event: 31.615 GC heap before
{Heap before GC invocations=71 (full 0):
 garbage-first heap   total 384000K, used 333470K [0x0000000080000000, 0x0000000100000000)
  region size 1024K, 225 young (230400K), 17 survivors (17408K)
 Metaspace       used 61249K, committed 62848K, reserved 1114112K
  class space    used 8305K, committed 9088K, reserved 1048576K
}
Event: 31.628 GC heap after
{Heap after GC invocations=72 (full 0):
 garbage-first heap   total 384000K, used 121123K [0x0000000080000000, 0x0000000100000000)
  region size 1024K, 16 young (16384K), 16 survivors (16384K)
 Metaspace       used 61249K, committed 62848K, reserved 1114112K
  class space    used 8305K, committed 9088K, reserved 1048576K
}
Event: 33.317 GC heap before
{Heap before GC invocations=72 (full 0):
 garbage-first heap   total 384000K, used 342307K [0x0000000080000000, 0x0000000100000000)
  region size 1024K, 225 young (230400K), 16 survivors (16384K)
 Metaspace       used 61635K, committed 63168K, reserved 1114112K
  class space    used 8342K, committed 9088K, reserved 1048576K
}
Event: 33.323 GC heap after
{Heap after GC invocations=73 (full 0):
 garbage-first heap   total 452608K, used 119467K [0x0000000080000000, 0x0000000100000000)
  region size 1024K, 7 young (7168K), 7 survivors (7168K)
 Metaspace       used 61635K, committed 63168K, reserved 1114112K
  class space    used 8342K, committed 9088K, reserved 1048576K
}
Event: 34.924 GC heap before
{Heap before GC invocations=73 (full 0):
 garbage-first heap   total 452608K, used 390827K [0x0000000080000000, 0x0000000100000000)
  region size 1024K, 265 young (271360K), 7 survivors (7168K)
 Metaspace       used 63881K, committed 65408K, reserved 1114112K
  class space    used 8593K, committed 9344K, reserved 1048576K
}
Event: 34.931 GC heap after
{Heap after GC invocations=74 (full 0):
 garbage-first heap   total 452608K, used 120282K [0x0000000080000000, 0x0000000100000000)
  region size 1024K, 8 young (8192K), 8 survivors (8192K)
 Metaspace       used 63881K, committed 65408K, reserved 1114112K
  class space    used 8593K, committed 9344K, reserved 1048576K
}
Event: 35.645 GC heap before
{Heap before GC invocations=74 (full 0):
 garbage-first heap   total 452608K, used 383450K [0x0000000080000000, 0x0000000100000000)
  region size 1024K, 265 young (271360K), 8 survivors (8192K)
 Metaspace       used 63881K, committed 65408K, reserved 1114112K
  class space    used 8594K, committed 9344K, reserved 1048576K
}
Event: 35.653 GC heap after
{Heap after GC invocations=75 (full 0):
 garbage-first heap   total 452608K, used 124226K [0x0000000080000000, 0x0000000100000000)
  region size 1024K, 11 young (11264K), 11 survivors (11264K)
 Metaspace       used 63881K, committed 65408K, reserved 1114112K
  class space    used 8594K, committed 9344K, reserved 1048576K
}
Event: 36.612 GC heap before
{Heap before GC invocations=75 (full 0):
 garbage-first heap   total 452608K, used 384322K [0x0000000080000000, 0x0000000100000000)
  region size 1024K, 265 young (271360K), 11 survivors (11264K)
 Metaspace       used 63963K, committed 65536K, reserved 1114112K
  class space    used 8604K, committed 9344K, reserved 1048576K
}
Event: 36.617 GC heap after
{Heap after GC invocations=76 (full 0):
 garbage-first heap   total 452608K, used 111965K [0x0000000080000000, 0x0000000100000000)
  region size 1024K, 6 young (6144K), 6 survivors (6144K)
 Metaspace       used 63963K, committed 65536K, reserved 1114112K
  class space    used 8604K, committed 9344K, reserved 1048576K
}
Event: 38.539 GC heap before
{Heap before GC invocations=76 (full 0):
 garbage-first heap   total 452608K, used 385373K [0x0000000080000000, 0x0000000100000000)
  region size 1024K, 265 young (271360K), 6 survivors (6144K)
 Metaspace       used 63996K, committed 65536K, reserved 1114112K
  class space    used 8604K, committed 9344K, reserved 1048576K
}
Event: 38.545 GC heap after
{Heap after GC invocations=77 (full 0):
 garbage-first heap   total 452608K, used 111942K [0x0000000080000000, 0x0000000100000000)
  region size 1024K, 6 young (6144K), 6 survivors (6144K)
 Metaspace       used 63996K, committed 65536K, reserved 1114112K
  class space    used 8604K, committed 9344K, reserved 1048576K
}
Event: 42.986 GC heap before
{Heap before GC invocations=77 (full 0):
 garbage-first heap   total 452608K, used 392518K [0x0000000080000000, 0x0000000100000000)
  region size 1024K, 265 young (271360K), 6 survivors (6144K)
 Metaspace       used 90699K, committed 92352K, reserved 1179648K
  class space    used 12334K, committed 13120K, reserved 1048576K
}
Event: 43.010 GC heap after
{Heap after GC invocations=78 (full 0):
 garbage-first heap   total 452608K, used 138909K [0x0000000080000000, 0x0000000100000000)
  region size 1024K, 24 young (24576K), 24 survivors (24576K)
 Metaspace       used 90699K, committed 92352K, reserved 1179648K
  class space    used 12334K, committed 13120K, reserved 1048576K
}
Event: 47.620 GC heap before
{Heap before GC invocations=78 (full 0):
 garbage-first heap   total 452608K, used 230045K [0x0000000080000000, 0x0000000100000000)
  region size 1024K, 114 young (116736K), 24 survivors (24576K)
 Metaspace       used 102427K, committed 104448K, reserved 1179648K
  class space    used 13739K, committed 14720K, reserved 1048576K
}
Event: 47.646 GC heap after
{Heap after GC invocations=79 (full 0):
 garbage-first heap   total 452608K, used 145550K [0x0000000080000000, 0x0000000100000000)
  region size 1024K, 7 young (7168K), 7 survivors (7168K)
 Metaspace       used 102427K, committed 104448K, reserved 1179648K
  class space    used 13739K, committed 14720K, reserved 1048576K
}

