# JRE version: OpenJDK Runtime Environment (21.0.7) (build 21.0.7+-13880790-b1038.58)
# Java VM: OpenJDK 64-Bit Server VM (21.0.7+-13880790-b1038.58, mixed mode, tiered, compressed oops, compressed class ptrs, g1 gc, windows-amd64)
GC Precious Log:
 CardTable entry size: 512
 Card Set container configuration: InlinePtr #cards 5 size 8 Array Of Cards #cards 12 size 40 Howl #buckets 4 coarsen threshold 1843 Howl Bitmap #cards 512 size 80 coarsen threshold 460 Card regions per heap region 1 cards per card region 2048
 CPUs: 8 total, 8 available
 Memory: 16190M
 Large Page Support: Disabled
 NUMA Support: Disabled
 Compressed Oops: Enabled (32-bit)
 Heap Region Size: 1M
 Heap Min Capacity: 8M
 Heap Initial Capacity: 254M
 Heap Max Capacity: 2G
 Pre-touch: Disabled
 Parallel Workers: 8
 Concurrent Workers: 2
 Concurrent Refinement Workers: 8
 Periodic GC: Disabled
Heap:
 garbage-first heap   total 246784K, used 124829K [0x0000000080000000, 0x0000000100000000)
  region size 1024K, 2 young (2048K), 2 survivors (2048K)
 Metaspace       used 58180K, committed 59712K, reserved 1114112K
  class space    used 8131K, committed 8896K, reserved 1048576K
GC Heap History (20 events):
Event: 8.283 GC heap after
{Heap after GC invocations=8 (full 0):
 garbage-first heap   total 92160K, used 26123K [0x0000000080000000, 0x0000000100000000)
  region size 1024K, 5 young (5120K), 5 survivors (5120K)
 Metaspace       used 35212K, committed 35968K, reserved 1114112K
  class space    used 4809K, committed 5184K, reserved 1048576K
}
Event: 9.192 GC heap before
{Heap before GC invocations=9 (full 0):
 garbage-first heap   total 92160K, used 89611K [0x0000000080000000, 0x0000000100000000)
  region size 1024K, 40 young (40960K), 5 survivors (5120K)
 Metaspace       used 39208K, committed 40128K, reserved 1114112K
  class space    used 5429K, committed 5888K, reserved 1048576K
}
Event: 9.202 GC heap after
{Heap after GC invocations=10 (full 0):
 garbage-first heap   total 103424K, used 60830K [0x0000000080000000, 0x0000000100000000)
  region size 1024K, 7 young (7168K), 7 survivors (7168K)
 Metaspace       used 39208K, committed 40128K, reserved 1114112K
  class space    used 5429K, committed 5888K, reserved 1048576K
}
Event: 9.889 GC heap before
{Heap before GC invocations=10 (full 0):
 garbage-first heap   total 103424K, used 87454K [0x0000000080000000, 0x0000000100000000)
  region size 1024K, 34 young (34816K), 7 survivors (7168K)
 Metaspace       used 45068K, committed 46016K, reserved 1114112K
  class space    used 6140K, committed 6592K, reserved 1048576K
}
Event: 9.897 GC heap after
{Heap after GC invocations=11 (full 0):
 garbage-first heap   total 103424K, used 63611K [0x0000000080000000, 0x0000000100000000)
  region size 1024K, 4 young (4096K), 4 survivors (4096K)
 Metaspace       used 45068K, committed 46016K, reserved 1114112K
  class space    used 6140K, committed 6592K, reserved 1048576K
}
Event: 10.289 GC heap before
{Heap before GC invocations=11 (full 0):
 garbage-first heap   total 103424K, used 92283K [0x0000000080000000, 0x0000000100000000)
  region size 1024K, 32 young (32768K), 4 survivors (4096K)
 Metaspace       used 46439K, committed 47360K, reserved 1114112K
  class space    used 6261K, committed 6720K, reserved 1048576K
}
Event: 10.295 GC heap after
{Heap after GC invocations=12 (full 0):
 garbage-first heap   total 103424K, used 66338K [0x0000000080000000, 0x0000000100000000)
  region size 1024K, 3 young (3072K), 3 survivors (3072K)
 Metaspace       used 46439K, committed 47360K, reserved 1114112K
  class space    used 6261K, committed 6720K, reserved 1048576K
}
Event: 10.973 GC heap before
{Heap before GC invocations=13 (full 0):
 garbage-first heap   total 111616K, used 98082K [0x0000000080000000, 0x0000000100000000)
  region size 1024K, 30 young (30720K), 3 survivors (3072K)
 Metaspace       used 50125K, committed 51200K, reserved 1114112K
  class space    used 6715K, committed 7232K, reserved 1048576K
}
Event: 10.980 GC heap after
{Heap after GC invocations=14 (full 0):
 garbage-first heap   total 111616K, used 67803K [0x0000000080000000, 0x0000000100000000)
  region size 1024K, 3 young (3072K), 3 survivors (3072K)
 Metaspace       used 50125K, committed 51200K, reserved 1114112K
  class space    used 6715K, committed 7232K, reserved 1048576K
}
Event: 11.511 GC heap before
{Heap before GC invocations=14 (full 0):
 garbage-first heap   total 111616K, used 99547K [0x0000000080000000, 0x0000000100000000)
  region size 1024K, 34 young (34816K), 3 survivors (3072K)
 Metaspace       used 53969K, committed 55424K, reserved 1114112K
  class space    used 7366K, committed 8064K, reserved 1048576K
}
Event: 11.519 GC heap after
{Heap after GC invocations=15 (full 0):
 garbage-first heap   total 134144K, used 69260K [0x0000000080000000, 0x0000000100000000)
  region size 1024K, 4 young (4096K), 4 survivors (4096K)
 Metaspace       used 53969K, committed 55424K, reserved 1114112K
  class space    used 7366K, committed 8064K, reserved 1048576K
}
Event: 12.916 GC heap before
{Heap before GC invocations=15 (full 0):
 garbage-first heap   total 134144K, used 122508K [0x0000000080000000, 0x0000000100000000)
  region size 1024K, 54 young (55296K), 4 survivors (4096K)
 Metaspace       used 58076K, committed 59648K, reserved 1114112K
  class space    used 8108K, committed 8896K, reserved 1048576K
}
Event: 12.930 GC heap after
{Heap after GC invocations=16 (full 0):
 garbage-first heap   total 134144K, used 78554K [0x0000000080000000, 0x0000000100000000)
  region size 1024K, 7 young (7168K), 7 survivors (7168K)
 Metaspace       used 58076K, committed 59648K, reserved 1114112K
  class space    used 8108K, committed 8896K, reserved 1048576K
}
Event: 13.136 GC heap before
{Heap before GC invocations=17 (full 0):
 garbage-first heap   total 134144K, used 118490K [0x0000000080000000, 0x0000000100000000)
  region size 1024K, 46 young (47104K), 7 survivors (7168K)
 Metaspace       used 58099K, committed 59648K, reserved 1114112K
  class space    used 8108K, committed 8896K, reserved 1048576K
}
Event: 13.163 GC heap after
{Heap after GC invocations=18 (full 0):
 garbage-first heap   total 144384K, used 97009K [0x0000000080000000, 0x0000000100000000)
  region size 1024K, 6 young (6144K), 6 survivors (6144K)
 Metaspace       used 58099K, committed 59648K, reserved 1114112K
  class space    used 8108K, committed 8896K, reserved 1048576K
}
Event: 13.308 GC heap before
{Heap before GC invocations=18 (full 0):
 garbage-first heap   total 144384K, used 125681K [0x0000000080000000, 0x0000000100000000)
  region size 1024K, 32 young (32768K), 6 survivors (6144K)
 Metaspace       used 58109K, committed 59648K, reserved 1114112K
  class space    used 8108K, committed 8896K, reserved 1048576K
}
Event: 13.332 GC heap after
{Heap after GC invocations=19 (full 0):
 garbage-first heap   total 146432K, used 112128K [0x0000000080000000, 0x0000000100000000)
  region size 1024K, 4 young (4096K), 4 survivors (4096K)
 Metaspace       used 58109K, committed 59648K, reserved 1114112K
  class space    used 8108K, committed 8896K, reserved 1048576K
}
Event: 13.390 GC heap before
{Heap before GC invocations=19 (full 0):
 garbage-first heap   total 146432K, used 127488K [0x0000000080000000, 0x0000000100000000)
  region size 1024K, 20 young (20480K), 4 survivors (4096K)
 Metaspace       used 58166K, committed 59648K, reserved 1114112K
  class space    used 8131K, committed 8896K, reserved 1048576K
}
Event: 13.404 GC heap after
{Heap after GC invocations=20 (full 0):
 garbage-first heap   total 146432K, used 119147K [0x0000000080000000, 0x0000000100000000)
  region size 1024K, 3 young (3072K), 3 survivors (3072K)
 Metaspace       used 58166K, committed 59648K, reserved 1114112K
  class space    used 8131K, committed 8896K, reserved 1048576K
}
Event: 13.439 GC heap before
{Heap before GC invocations=20 (full 0):
 garbage-first heap   total 146432K, used 131435K [0x0000000080000000, 0x0000000100000000)
  region size 1024K, 15 young (15360K), 3 survivors (3072K)
 Metaspace       used 58180K, committed 59712K, reserved 1114112K
  class space    used 8131K, committed 8896K, reserved 1048576K
}

