# JRE version: OpenJDK Runtime Environment (21.0.7) (build 21.0.7+-13880790-b1038.58)
# Java VM: OpenJDK 64-Bit Server VM (21.0.7+-13880790-b1038.58, mixed mode, tiered, compressed oops, compressed class ptrs, g1 gc, windows-amd64)
GC Precious Log:
 CardTable entry size: 512
 Card Set container configuration: InlinePtr #cards 5 size 8 Array Of Cards #cards 12 size 40 Howl #buckets 4 coarsen threshold 1843 Howl Bitmap #cards 512 size 80 coarsen threshold 460 Card regions per heap region 1 cards per card region 2048
 CPUs: 8 total, 8 available
 Memory: 16190M
 Large Page Support: Disabled
 NUMA Support: Disabled
 Compressed Oops: Enabled (32-bit)
 Heap Region Size: 1M
 Heap Min Capacity: 8M
 Heap Initial Capacity: 254M
 Heap Max Capacity: 2G
 Pre-touch: Disabled
 Parallel Workers: 8
 Concurrent Workers: 2
 Concurrent Refinement Workers: 8
 Periodic GC: Disabled
Heap:
 garbage-first heap   total 249856K, used 141312K [0x0000000080000000, 0x0000000100000000)
  region size 1024K, 14 young (14336K), 10 survivors (10240K)
 Metaspace       used 58221K, committed 59712K, reserved 1114112K
  class space    used 8131K, committed 8896K, reserved 1048576K
GC Heap History (20 events):
Event: 5.781 GC heap before
{Heap before GC invocations=9 (full 0):
 garbage-first heap   total 69632K, used 67660K [0x0000000080000000, 0x0000000100000000)
  region size 1024K, 19 young (19456K), 5 survivors (5120K)
 Metaspace       used 36196K, committed 37120K, reserved 1114112K
  class space    used 4983K, committed 5440K, reserved 1048576K
}
Event: 5.789 GC heap after
{Heap after GC invocations=10 (full 0):
 garbage-first heap   total 95232K, used 59392K [0x0000000080000000, 0x0000000100000000)
  region size 1024K, 5 young (5120K), 5 survivors (5120K)
 Metaspace       used 36196K, committed 37120K, reserved 1114112K
  class space    used 4983K, committed 5440K, reserved 1048576K
}
Event: 6.286 GC heap before
{Heap before GC invocations=10 (full 0):
 garbage-first heap   total 95232K, used 82944K [0x0000000080000000, 0x0000000100000000)
  region size 1024K, 29 young (29696K), 5 survivors (5120K)
 Metaspace       used 39656K, committed 40640K, reserved 1114112K
  class space    used 5511K, committed 6016K, reserved 1048576K
}
Event: 6.292 GC heap after
{Heap after GC invocations=11 (full 0):
 garbage-first heap   total 95232K, used 60801K [0x0000000080000000, 0x0000000100000000)
  region size 1024K, 2 young (2048K), 2 survivors (2048K)
 Metaspace       used 39656K, committed 40640K, reserved 1114112K
  class space    used 5511K, committed 6016K, reserved 1048576K
}
Event: 6.831 GC heap before
{Heap before GC invocations=11 (full 0):
 garbage-first heap   total 95232K, used 84353K [0x0000000080000000, 0x0000000100000000)
  region size 1024K, 26 young (26624K), 2 survivors (2048K)
 Metaspace       used 45022K, committed 45888K, reserved 1114112K
  class space    used 6128K, committed 6528K, reserved 1048576K
}
Event: 6.837 GC heap after
{Heap after GC invocations=12 (full 0):
 garbage-first heap   total 95232K, used 63939K [0x0000000080000000, 0x0000000100000000)
  region size 1024K, 4 young (4096K), 4 survivors (4096K)
 Metaspace       used 45022K, committed 45888K, reserved 1114112K
  class space    used 6128K, committed 6528K, reserved 1048576K
}
Event: 7.095 GC heap before
{Heap before GC invocations=13 (full 0):
 garbage-first heap   total 107520K, used 83395K [0x0000000080000000, 0x0000000100000000)
  region size 1024K, 24 young (24576K), 4 survivors (4096K)
 Metaspace       used 45982K, committed 46912K, reserved 1114112K
  class space    used 6201K, committed 6656K, reserved 1048576K
}
Event: 7.104 GC heap after
{Heap after GC invocations=14 (full 0):
 garbage-first heap   total 107520K, used 66122K [0x0000000080000000, 0x0000000100000000)
  region size 1024K, 3 young (3072K), 3 survivors (3072K)
 Metaspace       used 45982K, committed 46912K, reserved 1114112K
  class space    used 6201K, committed 6656K, reserved 1048576K
}
Event: 7.827 GC heap before
{Heap before GC invocations=14 (full 0):
 garbage-first heap   total 107520K, used 101962K [0x0000000080000000, 0x0000000100000000)
  region size 1024K, 33 young (33792K), 3 survivors (3072K)
 Metaspace       used 49685K, committed 50752K, reserved 1114112K
  class space    used 6636K, committed 7168K, reserved 1048576K
}
Event: 7.833 GC heap after
{Heap after GC invocations=15 (full 0):
 garbage-first heap   total 129024K, used 67489K [0x0000000080000000, 0x0000000100000000)
  region size 1024K, 4 young (4096K), 4 survivors (4096K)
 Metaspace       used 49685K, committed 50752K, reserved 1114112K
  class space    used 6636K, committed 7168K, reserved 1048576K
}
Event: 9.246 GC heap before
{Heap before GC invocations=15 (full 0):
 garbage-first heap   total 129024K, used 115617K [0x0000000080000000, 0x0000000100000000)
  region size 1024K, 51 young (52224K), 4 survivors (4096K)
 Metaspace       used 55335K, committed 56832K, reserved 1114112K
  class space    used 7604K, committed 8320K, reserved 1048576K
}
Event: 9.257 GC heap after
{Heap after GC invocations=16 (full 0):
 garbage-first heap   total 129024K, used 70176K [0x0000000080000000, 0x0000000100000000)
  region size 1024K, 6 young (6144K), 6 survivors (6144K)
 Metaspace       used 55335K, committed 56832K, reserved 1114112K
  class space    used 7604K, committed 8320K, reserved 1048576K
}
Event: 10.454 GC heap before
{Heap before GC invocations=17 (full 0):
 garbage-first heap   total 129024K, used 115232K [0x0000000080000000, 0x0000000100000000)
  region size 1024K, 49 young (50176K), 6 survivors (6144K)
 Metaspace       used 57918K, committed 59392K, reserved 1114112K
  class space    used 8090K, committed 8832K, reserved 1048576K
}
Event: 10.473 GC heap after
{Heap after GC invocations=18 (full 0):
 garbage-first heap   total 132096K, used 81210K [0x0000000080000000, 0x0000000100000000)
  region size 1024K, 7 young (7168K), 7 survivors (7168K)
 Metaspace       used 57918K, committed 59392K, reserved 1114112K
  class space    used 8090K, committed 8832K, reserved 1048576K
}
Event: 10.698 GC heap before
{Heap before GC invocations=18 (full 0):
 garbage-first heap   total 132096K, used 115002K [0x0000000080000000, 0x0000000100000000)
  region size 1024K, 41 young (41984K), 7 survivors (7168K)
 Metaspace       used 57945K, committed 59392K, reserved 1114112K
  class space    used 8090K, committed 8832K, reserved 1048576K
}
Event: 10.729 GC heap after
{Heap after GC invocations=19 (full 0):
 garbage-first heap   total 140288K, used 97047K [0x0000000080000000, 0x0000000100000000)
  region size 1024K, 6 young (6144K), 6 survivors (6144K)
 Metaspace       used 57945K, committed 59392K, reserved 1114112K
  class space    used 8090K, committed 8832K, reserved 1048576K
}
Event: 10.767 GC heap before
{Heap before GC invocations=19 (full 0):
 garbage-first heap   total 140288K, used 104215K [0x0000000080000000, 0x0000000100000000)
  region size 1024K, 14 young (14336K), 6 survivors (6144K)
 Metaspace       used 57950K, committed 59456K, reserved 1114112K
  class space    used 8090K, committed 8832K, reserved 1048576K
}
Event: 10.785 GC heap after
{Heap after GC invocations=20 (full 0):
 garbage-first heap   total 140288K, used 101929K [0x0000000080000000, 0x0000000100000000)
  region size 1024K, 4 young (4096K), 4 survivors (4096K)
 Metaspace       used 57950K, committed 59456K, reserved 1114112K
  class space    used 8090K, committed 8832K, reserved 1048576K
}
Event: 10.993 GC heap before
{Heap before GC invocations=20 (full 0):
 garbage-first heap   total 174080K, used 123433K [0x0000000080000000, 0x0000000100000000)
  region size 1024K, 23 young (23552K), 4 survivors (4096K)
 Metaspace       used 57955K, committed 59456K, reserved 1114112K
  class space    used 8090K, committed 8832K, reserved 1048576K
}
Event: 11.021 GC heap after
{Heap after GC invocations=21 (full 0):
 garbage-first heap   total 249856K, used 114413K [0x0000000080000000, 0x0000000100000000)
  region size 1024K, 3 young (3072K), 3 survivors (3072K)
 Metaspace       used 57955K, committed 59456K, reserved 1114112K
  class space    used 8090K, committed 8832K, reserved 1048576K
}

