# JRE version: OpenJDK Runtime Environment (21.0.7) (build 21.0.7+-13880790-b1038.58)
# Java VM: OpenJDK 64-Bit Server VM (21.0.7+-13880790-b1038.58, mixed mode, tiered, compressed oops, compressed class ptrs, g1 gc, windows-amd64)
GC Precious Log:
 CardTable entry size: 512
 Card Set container configuration: InlinePtr #cards 5 size 8 Array Of Cards #cards 12 size 40 Howl #buckets 4 coarsen threshold 1843 Howl Bitmap #cards 512 size 80 coarsen threshold 460 Card regions per heap region 1 cards per card region 2048
 CPUs: 8 total, 8 available
 Memory: 16190M
 Large Page Support: Disabled
 NUMA Support: Disabled
 Compressed Oops: Enabled (32-bit)
 Heap Region Size: 1M
 Heap Min Capacity: 8M
 Heap Initial Capacity: 254M
 Heap Max Capacity: 2G
 Pre-touch: Disabled
 Parallel Workers: 8
 Concurrent Workers: 2
 Concurrent Refinement Workers: 8
 Periodic GC: Disabled
Heap:
 garbage-first heap   total 288768K, used 185740K [0x0000000080000000, 0x0000000100000000)
  region size 1024K, 8 young (8192K), 8 survivors (8192K)
 Metaspace       used 59901K, committed 61440K, reserved 1114112K
  class space    used 8271K, committed 9024K, reserved 1048576K
GC Heap History (20 events):
Event: 14.231 GC heap after
{Heap after GC invocations=22 (full 0):
 garbage-first heap   total 125952K, used 83683K [0x0000000080000000, 0x0000000100000000)
  region size 1024K, 6 young (6144K), 6 survivors (6144K)
 Metaspace       used 58665K, committed 60224K, reserved 1114112K
  class space    used 8177K, committed 8960K, reserved 1048576K
}
Event: 14.357 GC heap before
{Heap before GC invocations=22 (full 0):
 garbage-first heap   total 125952K, used 110307K [0x0000000080000000, 0x0000000100000000)
  region size 1024K, 33 young (33792K), 6 survivors (6144K)
 Metaspace       used 59160K, committed 60736K, reserved 1114112K
  class space    used 8239K, committed 9024K, reserved 1048576K
}
Event: 14.372 GC heap after
{Heap after GC invocations=23 (full 0):
 garbage-first heap   total 153600K, used 92621K [0x0000000080000000, 0x0000000100000000)
  region size 1024K, 5 young (5120K), 5 survivors (5120K)
 Metaspace       used 59160K, committed 60736K, reserved 1114112K
  class space    used 8239K, committed 9024K, reserved 1048576K
}
Event: 14.551 GC heap before
{Heap before GC invocations=23 (full 0):
 garbage-first heap   total 153600K, used 130509K [0x0000000080000000, 0x0000000100000000)
  region size 1024K, 43 young (44032K), 5 survivors (5120K)
 Metaspace       used 59359K, committed 60928K, reserved 1114112K
  class space    used 8246K, committed 9024K, reserved 1048576K
}
Event: 14.564 GC heap after
{Heap after GC invocations=24 (full 0):
 garbage-first heap   total 153600K, used 101586K [0x0000000080000000, 0x0000000100000000)
  region size 1024K, 6 young (6144K), 6 survivors (6144K)
 Metaspace       used 59359K, committed 60928K, reserved 1114112K
  class space    used 8246K, committed 9024K, reserved 1048576K
}
Event: 14.732 GC heap before
{Heap before GC invocations=24 (full 0):
 garbage-first heap   total 174080K, used 134354K [0x0000000080000000, 0x0000000100000000)
  region size 1024K, 37 young (37888K), 6 survivors (6144K)
 Metaspace       used 59418K, committed 60992K, reserved 1114112K
  class space    used 8246K, committed 9024K, reserved 1048576K
}
Event: 14.748 GC heap after
{Heap after GC invocations=25 (full 0):
 garbage-first heap   total 174080K, used 110955K [0x0000000080000000, 0x0000000100000000)
  region size 1024K, 5 young (5120K), 5 survivors (5120K)
 Metaspace       used 59418K, committed 60992K, reserved 1114112K
  class space    used 8246K, committed 9024K, reserved 1048576K
}
Event: 14.970 GC heap before
{Heap before GC invocations=26 (full 0):
 garbage-first heap   total 174080K, used 149867K [0x0000000080000000, 0x0000000100000000)
  region size 1024K, 44 young (45056K), 5 survivors (5120K)
 Metaspace       used 59492K, committed 61056K, reserved 1114112K
  class space    used 8246K, committed 9024K, reserved 1048576K
}
Event: 14.988 GC heap after
{Heap after GC invocations=27 (full 0):
 garbage-first heap   total 174080K, used 122470K [0x0000000080000000, 0x0000000100000000)
  region size 1024K, 6 young (6144K), 6 survivors (6144K)
 Metaspace       used 59492K, committed 61056K, reserved 1114112K
  class space    used 8246K, committed 9024K, reserved 1048576K
}
Event: 15.082 GC heap before
{Heap before GC invocations=27 (full 0):
 garbage-first heap   total 174080K, used 152166K [0x0000000080000000, 0x0000000100000000)
  region size 1024K, 36 young (36864K), 6 survivors (6144K)
 Metaspace       used 59514K, committed 61056K, reserved 1114112K
  class space    used 8246K, committed 9024K, reserved 1048576K
}
Event: 15.099 GC heap after
{Heap after GC invocations=28 (full 0):
 garbage-first heap   total 282624K, used 129671K [0x0000000080000000, 0x0000000100000000)
  region size 1024K, 5 young (5120K), 5 survivors (5120K)
 Metaspace       used 59514K, committed 61056K, reserved 1114112K
  class space    used 8246K, committed 9024K, reserved 1048576K
}
Event: 15.514 GC heap before
{Heap before GC invocations=28 (full 0):
 garbage-first heap   total 282624K, used 223879K [0x0000000080000000, 0x0000000100000000)
  region size 1024K, 96 young (98304K), 5 survivors (5120K)
 Metaspace       used 59536K, committed 61056K, reserved 1114112K
  class space    used 8247K, committed 9024K, reserved 1048576K
}
Event: 15.540 GC heap after
{Heap after GC invocations=29 (full 0):
 garbage-first heap   total 282624K, used 150384K [0x0000000080000000, 0x0000000100000000)
  region size 1024K, 12 young (12288K), 12 survivors (12288K)
 Metaspace       used 59536K, committed 61056K, reserved 1114112K
  class space    used 8247K, committed 9024K, reserved 1048576K
}
Event: 16.043 GC heap before
{Heap before GC invocations=29 (full 0):
 garbage-first heap   total 282624K, used 225136K [0x0000000080000000, 0x0000000100000000)
  region size 1024K, 86 young (88064K), 12 survivors (12288K)
 Metaspace       used 59592K, committed 61184K, reserved 1114112K
  class space    used 8248K, committed 9024K, reserved 1048576K
}
Event: 16.072 GC heap after
{Heap after GC invocations=30 (full 0):
 garbage-first heap   total 282624K, used 170748K [0x0000000080000000, 0x0000000100000000)
  region size 1024K, 11 young (11264K), 11 survivors (11264K)
 Metaspace       used 59592K, committed 61184K, reserved 1114112K
  class space    used 8248K, committed 9024K, reserved 1048576K
}
Event: 16.138 GC heap before
{Heap before GC invocations=30 (full 0):
 garbage-first heap   total 282624K, used 182012K [0x0000000080000000, 0x0000000100000000)
  region size 1024K, 23 young (23552K), 11 survivors (11264K)
 Metaspace       used 59592K, committed 61184K, reserved 1114112K
  class space    used 8248K, committed 9024K, reserved 1048576K
}
Event: 16.155 GC heap after
{Heap after GC invocations=31 (full 0):
 garbage-first heap   total 282624K, used 176306K [0x0000000080000000, 0x0000000100000000)
  region size 1024K, 4 young (4096K), 4 survivors (4096K)
 Metaspace       used 59592K, committed 61184K, reserved 1114112K
  class space    used 8248K, committed 9024K, reserved 1048576K
}
Event: 16.653 GC heap before
{Heap before GC invocations=32 (full 0):
 garbage-first heap   total 288768K, used 235698K [0x0000000080000000, 0x0000000100000000)
  region size 1024K, 65 young (66560K), 4 survivors (4096K)
 Metaspace       used 59774K, committed 61312K, reserved 1114112K
  class space    used 8268K, committed 9024K, reserved 1048576K
}
Event: 16.683 GC heap after
{Heap after GC invocations=33 (full 0):
 garbage-first heap   total 288768K, used 198144K [0x0000000080000000, 0x0000000100000000)
  region size 1024K, 9 young (9216K), 9 survivors (9216K)
 Metaspace       used 59774K, committed 61312K, reserved 1114112K
  class space    used 8268K, committed 9024K, reserved 1048576K
}
Event: 17.477 GC heap before
{Heap before GC invocations=33 (full 0):
 garbage-first heap   total 288768K, used 247296K [0x0000000080000000, 0x0000000100000000)
  region size 1024K, 57 young (58368K), 9 survivors (9216K)
 Metaspace       used 59901K, committed 61440K, reserved 1114112K
  class space    used 8271K, committed 9024K, reserved 1048576K
}

